# JRE version: Java(TM) SE Runtime Environment (11.0.6+8) (build 11.0.6+8-LTS)
# Java VM: Java HotSpot(TM) 64-Bit Server VM (11.0.6+8-LTS, mixed mode, tiered, compressed oops, g1 gc, windows-amd64)
Heap:
 garbage-first heap   total 310272K, used 306145K [0x00000000e0000000, 0x0000000100000000)
  region size 1024K, 14 young (14336K), 1 survivors (1024K)
 Metaspace       used 91481K, capacity 95680K, committed 96000K, reserved 337920K
  class space    used 11759K, capacity 13205K, committed 13312K, reserved 253952K
GC Heap History (10 events):
Event: 260.261 GC heap before
{Heap before GC invocations=55 (full 0):
 garbage-first heap   total 279552K, used 275968K [0x00000000e0000000, 0x0000000100000000)
  region size 1024K, 13 young (13312K), 2 survivors (2048K)
 Metaspace       used 90388K, capacity 94633K, committed 94848K, reserved 335872K
  class space    used 11613K, capacity 13096K, committed 13184K, reserved 253952K
}
Event: 260.307 GC heap after
{Heap after GC invocations=56 (full 0):
 garbage-first heap   total 284672K, used 270848K [0x00000000e0000000, 0x0000000100000000)
  region size 1024K, 2 young (2048K), 2 survivors (2048K)
 Metaspace       used 90388K, capacity 94633K, committed 94848K, reserved 335872K
  class space    used 11613K, capacity 13096K, committed 13184K, reserved 253952K
}
Event: 262.668 GC heap before
{Heap before GC invocations=57 (full 0):
 garbage-first heap   total 284672K, used 281088K [0x00000000e0000000, 0x0000000100000000)
  region size 1024K, 13 young (13312K), 2 survivors (2048K)
 Metaspace       used 90342K, capacity 94540K, committed 94848K, reserved 335872K
  class space    used 11595K, capacity 13062K, committed 13184K, reserved 253952K
}
Event: 262.707 GC heap after
{Heap after GC invocations=58 (full 0):
 garbage-first heap   total 291840K, used 278016K [0x00000000e0000000, 0x0000000100000000)
  region size 1024K, 2 young (2048K), 2 survivors (2048K)
 Metaspace       used 90342K, capacity 94540K, committed 94848K, reserved 335872K
  class space    used 11595K, capacity 13062K, committed 13184K, reserved 253952K
}
Event: 262.930 GC heap before
{Heap before GC invocations=58 (full 0):
 garbage-first heap   total 291840K, used 290304K [0x00000000e0000000, 0x0000000100000000)
  region size 1024K, 14 young (14336K), 2 survivors (2048K)
 Metaspace       used 90345K, capacity 94540K, committed 94848K, reserved 335872K
  class space    used 11595K, capacity 13062K, committed 13184K, reserved 253952K
}
Event: 262.967 GC heap after
{Heap after GC invocations=59 (full 0):
 garbage-first heap   total 299008K, used 284672K [0x00000000e0000000, 0x0000000100000000)
  region size 1024K, 2 young (2048K), 2 survivors (2048K)
 Metaspace       used 90345K, capacity 94540K, committed 94848K, reserved 335872K
  class space    used 11595K, capacity 13062K, committed 13184K, reserved 253952K
}
Event: 264.996 GC heap before
{Heap before GC invocations=60 (full 0):
 garbage-first heap   total 299008K, used 296960K [0x00000000e0000000, 0x0000000100000000)
  region size 1024K, 14 young (14336K), 2 survivors (2048K)
 Metaspace       used 91137K, capacity 95354K, committed 95744K, reserved 337920K
  class space    used 11715K, capacity 13162K, committed 13312K, reserved 253952K
}
Event: 265.041 GC heap after
{Heap after GC invocations=61 (full 0):
 garbage-first heap   total 304128K, used 289792K [0x00000000e0000000, 0x0000000100000000)
  region size 1024K, 2 young (2048K), 2 survivors (2048K)
 Metaspace       used 91137K, capacity 95354K, committed 95744K, reserved 337920K
  class space    used 11715K, capacity 13162K, committed 13312K, reserved 253952K
}
Event: 266.270 GC heap before
{Heap before GC invocations=61 (full 0):
 garbage-first heap   total 304128K, used 302080K [0x00000000e0000000, 0x0000000100000000)
  region size 1024K, 14 young (14336K), 2 survivors (2048K)
 Metaspace       used 91391K, capacity 95588K, committed 96000K, reserved 337920K
  class space    used 11754K, capacity 13197K, committed 13312K, reserved 253952K
}
Event: 266.309 GC heap after
{Heap after GC invocations=62 (full 0):
 garbage-first heap   total 308224K, used 292833K [0x00000000e0000000, 0x0000000100000000)
  region size 1024K, 2 young (2048K), 2 survivors (2048K)
 Metaspace       used 91391K, capacity 95588K, committed 96000K, reserved 337920K
  class space    used 11754K, capacity 13197K, committed 13312K, reserved 253952K
}

