# JRE version: Java(TM) SE Runtime Environment (11.0.6+8) (build 11.0.6+8-LTS)
# Java VM: Java HotSpot(TM) 64-Bit Server VM (11.0.6+8-LTS, mixed mode, tiered, compressed oops, g1 gc, windows-amd64)
Heap:
 garbage-first heap   total 262144K, used 114590K [0x00000000e0000000, 0x0000000100000000)
  region size 1024K, 75 young (76800K), 5 survivors (5120K)
 Metaspace       used 63724K, capacity 65480K, committed 65792K, reserved 311296K
  class space    used 8168K, capacity 8856K, committed 8960K, reserved 253952K
GC Heap History (10 events):
Event: 94.748 GC heap before
{Heap before GC invocations=10 (full 0):
 garbage-first heap   total 262144K, used 66885K [0x00000000e0000000, 0x0000000100000000)
  region size 1024K, 45 young (46080K), 2 survivors (2048K)
 Metaspace       used 38520K, capacity 39271K, committed 39552K, reserved 288768K
  class space    used 4887K, capacity 5187K, committed 5248K, reserved 253952K
}
Event: 94.784 GC heap after
{Heap after GC invocations=11 (full 0):
 garbage-first heap   total 262144K, used 26242K [0x00000000e0000000, 0x0000000100000000)
  region size 1024K, 5 young (5120K), 5 survivors (5120K)
 Metaspace       used 38520K, capacity 39271K, committed 39552K, reserved 288768K
  class space    used 4887K, capacity 5187K, committed 5248K, reserved 253952K
}
Event: 101.106 GC heap before
{Heap before GC invocations=11 (full 0):
 garbage-first heap   total 262144K, used 79490K [0x00000000e0000000, 0x0000000100000000)
  region size 1024K, 56 young (57344K), 5 survivors (5120K)
 Metaspace       used 42093K, capacity 43038K, committed 43136K, reserved 292864K
  class space    used 5358K, capacity 5717K, committed 5760K, reserved 253952K
}
Event: 101.144 GC heap after
{Heap after GC invocations=12 (full 0):
 garbage-first heap   total 262144K, used 34102K [0x00000000e0000000, 0x0000000100000000)
  region size 1024K, 7 young (7168K), 7 survivors (7168K)
 Metaspace       used 42093K, capacity 43038K, committed 43136K, reserved 292864K
  class space    used 5358K, capacity 5717K, committed 5760K, reserved 253952K
}
Event: 108.082 GC heap before
{Heap before GC invocations=12 (full 0):
 garbage-first heap   total 262144K, used 90422K [0x00000000e0000000, 0x0000000100000000)
  region size 1024K, 63 young (64512K), 7 survivors (7168K)
 Metaspace       used 51298K, capacity 52525K, committed 52864K, reserved 301056K
  class space    used 6445K, capacity 6915K, committed 7040K, reserved 253952K
}
Event: 108.126 GC heap after
{Heap after GC invocations=13 (full 0):
 garbage-first heap   total 262144K, used 41653K [0x00000000e0000000, 0x0000000100000000)
  region size 1024K, 7 young (7168K), 7 survivors (7168K)
 Metaspace       used 51298K, capacity 52525K, committed 52864K, reserved 301056K
  class space    used 6445K, capacity 6915K, committed 7040K, reserved 253952K
}
Event: 113.674 GC heap before
{Heap before GC invocations=13 (full 0):
 garbage-first heap   total 262144K, used 108213K [0x00000000e0000000, 0x0000000100000000)
  region size 1024K, 72 young (73728K), 7 survivors (7168K)
 Metaspace       used 58260K, capacity 59755K, committed 60032K, reserved 307200K
  class space    used 7378K, capacity 7960K, committed 8064K, reserved 253952K
}
Event: 113.707 GC heap after
{Heap after GC invocations=14 (full 0):
 garbage-first heap   total 262144K, used 43995K [0x00000000e0000000, 0x0000000100000000)
  region size 1024K, 5 young (5120K), 5 survivors (5120K)
 Metaspace       used 58260K, capacity 59755K, committed 60032K, reserved 307200K
  class space    used 7378K, capacity 7960K, committed 8064K, reserved 253952K
}
Event: 113.819 GC heap before
{Heap before GC invocations=14 (full 0):
 garbage-first heap   total 262144K, used 46043K [0x00000000e0000000, 0x0000000100000000)
  region size 1024K, 8 young (8192K), 5 survivors (5120K)
 Metaspace       used 58554K, capacity 60043K, committed 60160K, reserved 307200K
  class space    used 7416K, capacity 7992K, committed 8064K, reserved 253952K
}
Event: 113.834 GC heap after
{Heap after GC invocations=15 (full 0):
 garbage-first heap   total 262144K, used 43934K [0x00000000e0000000, 0x0000000100000000)
  region size 1024K, 5 young (5120K), 5 survivors (5120K)
 Metaspace       used 58554K, capacity 60043K, committed 60160K, reserved 307200K
  class space    used 7416K, capacity 7992K, committed 8064K, reserved 253952K
}

