# JRE version: Java(TM) SE Runtime Environment (11.0.6+8) (build 11.0.6+8-LTS)
# Java VM: Java HotSpot(TM) 64-Bit Server VM (11.0.6+8-LTS, mixed mode, tiered, compressed oops, g1 gc, windows-amd64)
Heap:
 garbage-first heap   total 348160K, used 256988K [0x00000000e0000000, 0x0000000100000000)
  region size 1024K, 45 young (46080K), 3 survivors (3072K)
 Metaspace       used 124802K, capacity 130033K, committed 131200K, reserved 368640K
  class space    used 14871K, capacity 16717K, committed 17024K, reserved 253952K
GC Heap History (10 events):
Event: 1392.734 GC heap before
{Heap before GC invocations=362 (full 21):
 garbage-first heap   total 348160K, used 324626K [0x00000000e0000000, 0x0000000100000000)
  region size 1024K, 17 young (17408K), 1 survivors (1024K)
 Metaspace       used 124578K, capacity 129809K, committed 130944K, reserved 368640K
  class space    used 14846K, capacity 16644K, committed 17024K, reserved 253952K
}
Event: 1392.744 GC heap after
{Heap after GC invocations=363 (full 21):
 garbage-first heap   total 348160K, used 311457K [0x00000000e0000000, 0x0000000100000000)
  region size 1024K, 3 young (3072K), 3 survivors (3072K)
 Metaspace       used 124578K, capacity 129809K, committed 130944K, reserved 368640K
  class space    used 14846K, capacity 16644K, committed 17024K, reserved 253952K
}
Event: 1394.923 GC heap before
{Heap before GC invocations=364 (full 21):
 garbage-first heap   total 348160K, used 293025K [0x00000000e0000000, 0x0000000100000000)
  region size 1024K, 17 young (17408K), 3 survivors (3072K)
 Metaspace       used 124675K, capacity 129920K, committed 131200K, reserved 368640K
  class space    used 14860K, capacity 16680K, committed 17024K, reserved 253952K
}
Event: 1394.943 GC heap after
{Heap after GC invocations=365 (full 21):
 garbage-first heap   total 348160K, used 285327K [0x00000000e0000000, 0x0000000100000000)
  region size 1024K, 3 young (3072K), 3 survivors (3072K)
 Metaspace       used 124675K, capacity 129920K, committed 131200K, reserved 368640K
  class space    used 14860K, capacity 16680K, committed 17024K, reserved 253952K
}
Event: 1395.665 GC heap before
{Heap before GC invocations=365 (full 21):
 garbage-first heap   total 348160K, used 300687K [0x00000000e0000000, 0x0000000100000000)
  region size 1024K, 17 young (17408K), 3 survivors (3072K)
 Metaspace       used 124758K, capacity 130022K, committed 131200K, reserved 368640K
  class space    used 14867K, capacity 16714K, committed 17024K, reserved 253952K
}
Event: 1395.675 GC heap after
{Heap after GC invocations=366 (full 21):
 garbage-first heap   total 348160K, used 257378K [0x00000000e0000000, 0x0000000100000000)
  region size 1024K, 3 young (3072K), 3 survivors (3072K)
 Metaspace       used 124758K, capacity 130022K, committed 131200K, reserved 368640K
  class space    used 14867K, capacity 16714K, committed 17024K, reserved 253952K
}
Event: 1395.855 GC heap before
{Heap before GC invocations=366 (full 21):
 garbage-first heap   total 348160K, used 285026K [0x00000000e0000000, 0x0000000100000000)
  region size 1024K, 17 young (17408K), 3 survivors (3072K)
 Metaspace       used 124790K, capacity 130022K, committed 131200K, reserved 368640K
  class space    used 14870K, capacity 16714K, committed 17024K, reserved 253952K
}
Event: 1395.867 GC heap after
{Heap after GC invocations=367 (full 21):
 garbage-first heap   total 348160K, used 236941K [0x00000000e0000000, 0x0000000100000000)
  region size 1024K, 3 young (3072K), 3 survivors (3072K)
 Metaspace       used 124790K, capacity 130022K, committed 131200K, reserved 368640K
  class space    used 14870K, capacity 16714K, committed 17024K, reserved 253952K
}
Event: 1396.192 GC heap before
{Heap before GC invocations=367 (full 21):
 garbage-first heap   total 348160K, used 250253K [0x00000000e0000000, 0x0000000100000000)
  region size 1024K, 17 young (17408K), 3 survivors (3072K)
 Metaspace       used 124797K, capacity 130028K, committed 131200K, reserved 368640K
  class space    used 14871K, capacity 16716K, committed 17024K, reserved 253952K
}
Event: 1396.260 GC heap after
{Heap after GC invocations=368 (full 21):
 garbage-first heap   total 348160K, used 213980K [0x00000000e0000000, 0x0000000100000000)
  region size 1024K, 3 young (3072K), 3 survivors (3072K)
 Metaspace       used 124797K, capacity 130028K, committed 131200K, reserved 368640K
  class space    used 14871K, capacity 16716K, committed 17024K, reserved 253952K
}

